<?xml version="1.0" encoding="UTF-8"?>
<testng-results ignored="0" total="2" passed="2" failed="0" skipped="0">
  <reporter-output>
  </reporter-output>
  <suite started-at="2023-02-01T17:48:55 EST" name="Default suite" finished-at="2023-02-01T17:49:24 EST" duration-ms="29553">
    <groups>
      <group name="cucumber">
        <method signature="AbstractTestNGCucumberTests.feature(cucumber.api.testng.CucumberFeatureWrapper)[pri:0, instance:newtestrunner.newtestrunnerclass@5890e879]" name="feature" class="cucumber.api.testng.AbstractTestNGCucumberTests"/>
      </group> <!-- cucumber -->
    </groups>
    <test started-at="2023-02-01T17:48:55 EST" name="Default test" finished-at="2023-02-01T17:49:24 EST" duration-ms="29553">
      <class name="newtestrunner.newtestrunnerclass">
        <test-method is-config="true" signature="ccsetup()[pri:0, instance:newtestrunner.newtestrunnerclass@5890e879]" started-at="2023-02-01T17:48:55 EST" name="ccsetup" finished-at="2023-02-01T17:48:57 EST" duration-ms="2078" status="PASS">
          <reporter-output>
          </reporter-output>
        </test-method> <!-- ccsetup -->
        <test-method is-config="true" signature="setUpClass()[pri:0, instance:newtestrunner.newtestrunnerclass@5890e879]" started-at="2023-02-01T17:48:57 EST" name="setUpClass" finished-at="2023-02-01T17:48:57 EST" duration-ms="87" status="PASS">
          <reporter-output>
          </reporter-output>
        </test-method> <!-- setUpClass -->
        <test-method signature="feature(cucumber.api.testng.CucumberFeatureWrapper)[pri:0, instance:newtestrunner.newtestrunnerclass@5890e879]" started-at="2023-02-01T17:48:57 EST" name="feature" description="Runs Cucumber Feature" data-provider="features" finished-at="2023-02-01T17:49:08 EST" duration-ms="11246" status="PASS">
          <params>
            <param index="0">
              <value>
                <![CDATA[This is for cart feature functionality]]>
              </value>
            </param>
          </params>
          <reporter-output>
          </reporter-output>
        </test-method> <!-- feature -->
        <test-method signature="feature(cucumber.api.testng.CucumberFeatureWrapper)[pri:0, instance:newtestrunner.newtestrunnerclass@5890e879]" started-at="2023-02-01T17:49:08 EST" name="feature" description="Runs Cucumber Feature" data-provider="features" finished-at="2023-02-01T17:49:24 EST" duration-ms="15835" status="PASS">
          <params>
            <param index="0">
              <value>
                <![CDATA[This feature is for Login Functinality]]>
              </value>
            </param>
          </params>
          <reporter-output>
          </reporter-output>
        </test-method> <!-- feature -->
        <test-method is-config="true" signature="tearDownClass()[pri:0, instance:newtestrunner.newtestrunnerclass@5890e879]" started-at="2023-02-01T17:49:24 EST" name="tearDownClass" finished-at="2023-02-01T17:49:24 EST" duration-ms="15" status="PASS">
          <reporter-output>
          </reporter-output>
        </test-method> <!-- tearDownClass -->
        <test-method is-config="true" signature="cccloseURL()[pri:0, instance:newtestrunner.newtestrunnerclass@5890e879]" started-at="2023-02-01T17:49:24 EST" name="cccloseURL" finished-at="2023-02-01T17:49:24 EST" duration-ms="183" status="PASS">
          <reporter-output>
          </reporter-output>
        </test-method> <!-- cccloseURL -->
      </class> <!-- newtestrunner.newtestrunnerclass -->
    </test> <!-- Default test -->
  </suite> <!-- Default suite -->
</testng-results>
